-------------------------------------------------------------------------------
Test set: com.practice.demo.EvenOddNumberApiApplicationTests
-------------------------------------------------------------------------------
Tests run: 1, Failures: 0, Errors: 1, Skipped: 0, Time elapsed: 1.168 s <<< FAILURE! - in com.practice.demo.EvenOddNumberApiApplicationTests
contextLoads  Time elapsed: 0.006 s  <<< ERROR!
java.lang.IllegalStateException: Failed to load ApplicationContext
Caused by: org.springframework.beans.factory.UnsatisfiedDependencyException: Error creating bean with name 'commandLineRunner' defined in com.practice.demo.EvenOddNumberApiApplication: Unsatisfied dependency expressed through method 'commandLineRunner' parameter 0; nested exception is org.springframework.beans.factory.NoSuchBeanDefinitionException: No qualifying bean of type 'org.apache.catalina.core.ApplicationContext' available: expected at least 1 bean which qualifies as autowire candidate. Dependency annotations: {}
Caused by: org.springframework.beans.factory.NoSuchBeanDefinitionException: No qualifying bean of type 'org.apache.catalina.core.ApplicationContext' available: expected at least 1 bean which qualifies as autowire candidate. Dependency annotations: {}

